TN:
SF:src/modules/customers/services/AuthenticateCustomersService.ts
FN:27,(anonymous_18)
FN:28,AuthenticateCustomersService
FN:36,(anonymous_20)
FNF:3
FNH:3
FNDA:1,(anonymous_18)
FNDA:3,AuthenticateCustomersService
FNDA:3,(anonymous_20)
DA:1,1
DA:2,1
DA:10,1
DA:11,1
DA:27,1
DA:30,3
DA:33,3
DA:36,3
DA:37,3
DA:39,3
DA:40,1
DA:43,2
DA:48,2
DA:49,1
DA:52,1
DA:54,1
DA:59,0
DA:61,1
DA:63,1
LF:19
LH:18
BRDA:37,0,0,3
BRDA:39,1,0,1
BRDA:39,1,1,2
BRDA:48,2,0,1
BRDA:48,2,1,1
BRF:5
BRH:5
end_of_record
TN:
SF:src/modules/customers/services/CreateCustomerService.ts
FN:32,(anonymous_18)
FN:33,CreateCustomerService
FN:41,(anonymous_20)
FNF:3
FNH:3
FNDA:3,(anonymous_18)
FNDA:7,CreateCustomerService
FNDA:6,(anonymous_20)
DA:1,3
DA:9,3
DA:32,3
DA:35,7
DA:38,7
DA:41,3
DA:42,6
DA:43,6
DA:44,6
DA:45,6
DA:46,6
DA:47,6
DA:48,6
DA:49,6
DA:50,6
DA:51,6
DA:52,6
DA:53,6
DA:54,6
DA:55,6
DA:57,6
DA:59,6
DA:60,1
DA:63,5
DA:64,5
DA:66,5
DA:85,5
DA:87,3
DA:89,3
LF:29
LH:29
BRDA:57,0,0,6
BRDA:59,1,0,1
BRDA:59,1,1,5
BRF:3
BRH:3
end_of_record
TN:
SF:src/modules/customers/services/ResetPasswordService.ts
FN:17,(anonymous_18)
FN:18,ResetPasswordService
FN:29,(anonymous_20)
FNF:3
FNH:3
FNDA:1,(anonymous_18)
FNDA:4,ResetPasswordService
FNDA:4,(anonymous_20)
DA:1,1
DA:2,1
DA:9,1
DA:17,1
DA:20,4
DA:23,4
DA:26,4
DA:29,4
DA:30,4
DA:34,4
DA:35,1
DA:38,3
DA:42,3
DA:43,1
DA:46,2
DA:47,2
DA:49,2
DA:50,1
DA:53,1
DA:55,2
DA:57,1
DA:59,1
LF:22
LH:22
BRDA:30,0,0,4
BRDA:34,1,0,1
BRDA:34,1,1,3
BRDA:42,2,0,1
BRDA:42,2,1,2
BRDA:49,3,0,1
BRDA:49,3,1,1
BRF:7
BRH:7
end_of_record
TN:
SF:src/modules/customers/services/SendForgotPasswordEmailService.ts
FN:16,(anonymous_18)
FN:17,SendForgotPasswordEmailService
FN:28,(anonymous_20)
FNF:3
FNH:3
FNDA:1,(anonymous_18)
FNDA:3,SendForgotPasswordEmailService
FNDA:3,(anonymous_20)
DA:1,1
DA:2,1
DA:9,1
DA:16,1
DA:19,3
DA:22,3
DA:25,3
DA:28,3
DA:29,3
DA:31,3
DA:32,1
DA:35,2
DA:37,2
DA:44,4
DA:59,1
DA:61,1
LF:16
LH:16
BRDA:29,0,0,3
BRDA:31,1,0,1
BRDA:31,1,1,2
BRF:3
BRH:3
end_of_record
TN:
SF:src/modules/customers/services/ShowCustomerProfileService.ts
FN:16,(anonymous_18)
FN:17,ShowCustomerProfileService
FN:22,(anonymous_20)
FNF:3
FNH:3
FNDA:1,(anonymous_18)
FNDA:1,ShowCustomerProfileService
FNDA:2,(anonymous_20)
DA:1,1
DA:9,1
DA:16,1
DA:19,1
DA:22,2
DA:23,2
DA:25,2
DA:26,1
DA:29,1
DA:31,1
DA:33,1
DA:35,1
LF:12
LH:12
BRDA:23,0,0,2
BRDA:25,1,0,1
BRDA:25,1,1,1
BRF:3
BRH:3
end_of_record
TN:
SF:src/modules/customers/services/UpdateCustomerFileService.ts
FN:15,(anonymous_18)
FN:16,UpdateCustomerFileService
FN:21,(anonymous_20)
FNF:3
FNH:3
FNDA:1,(anonymous_18)
FNDA:2,UpdateCustomerFileService
FNDA:2,(anonymous_20)
DA:1,1
DA:7,1
DA:15,1
DA:18,2
DA:21,1
DA:22,2
DA:23,2
DA:25,2
DA:27,2
DA:28,1
DA:34,1
DA:36,2
DA:38,1
DA:40,1
DA:42,1
LF:15
LH:15
BRDA:25,0,0,2
BRDA:27,1,0,1
BRDA:27,1,1,1
BRF:3
BRH:3
end_of_record
TN:
SF:src/modules/customers/services/UpdateCustomerProfileService.ts
FN:32,(anonymous_18)
FN:33,UpdateCustomerProfileService
FN:41,(anonymous_20)
FNF:3
FNH:3
FNDA:1,(anonymous_18)
FNDA:3,UpdateCustomerProfileService
FNDA:3,(anonymous_20)
DA:1,1
DA:12,1
DA:32,1
DA:35,3
DA:38,3
DA:41,1
DA:42,3
DA:43,3
DA:44,3
DA:45,3
DA:46,3
DA:47,3
DA:48,3
DA:49,3
DA:50,3
DA:51,3
DA:52,3
DA:53,3
DA:55,3
DA:57,3
DA:58,1
DA:61,2
DA:63,2
DA:64,0
DA:67,2
DA:68,2
DA:69,2
DA:70,2
DA:71,2
DA:72,2
DA:73,2
DA:74,2
DA:75,2
DA:76,2
DA:77,2
DA:79,2
DA:81,2
DA:83,1
DA:85,1
LF:39
LH:38
BRDA:55,0,0,3
BRDA:57,1,0,1
BRDA:57,1,1,2
BRDA:63,2,0,0
BRDA:63,2,1,2
BRDA:63,3,0,2
BRDA:63,3,1,1
BRF:7
BRH:6
end_of_record
TN:
SF:src/modules/parameters/services/CreateCardBrandService.ts
FN:11,(anonymous_14)
FN:12,(anonymous_16)
FNF:2
FNH:0
FNDA:0,(anonymous_14)
FNDA:0,(anonymous_16)
DA:1,0
DA:3,0
DA:11,0
DA:12,0
DA:13,0
DA:14,0
DA:15,0
DA:17,0
DA:19,0
DA:23,0
DA:24,0
DA:27,0
DA:33,0
DA:35,0
DA:37,0
DA:39,0
LF:16
LH:0
BRDA:23,0,0,0
BRDA:23,0,1,0
BRF:2
BRH:0
end_of_record
TN:
SF:src/modules/parameters/services/CreateCountryService.ts
FN:17,(anonymous_18)
FN:18,CreateCountryService
FN:23,(anonymous_20)
FNF:3
FNH:3
FNDA:1,(anonymous_18)
FNDA:4,CreateCountryService
FNDA:7,(anonymous_20)
DA:1,1
DA:6,1
DA:17,1
DA:20,4
DA:23,1
DA:24,7
DA:25,7
DA:26,7
DA:27,7
DA:28,7
DA:30,7
DA:32,7
DA:33,1
DA:36,6
DA:40,6
DA:41,1
DA:44,5
DA:48,5
DA:49,1
DA:52,4
DA:60,4
DA:62,1
DA:64,1
LF:23
LH:23
BRDA:30,0,0,7
BRDA:32,1,0,1
BRDA:32,1,1,6
BRDA:40,2,0,1
BRDA:40,2,1,5
BRDA:48,3,0,1
BRDA:48,3,1,4
BRF:7
BRH:7
end_of_record
TN:
SF:src/modules/parameters/services/CreateFileService.ts
FN:18,(anonymous_18)
FN:19,CreateFileService
FN:27,(anonymous_20)
FNF:3
FNH:3
FNDA:2,(anonymous_18)
FNDA:5,CreateFileService
FNDA:6,(anonymous_20)
DA:1,2
DA:7,2
DA:18,2
DA:21,5
DA:24,5
DA:27,2
DA:28,6
DA:29,6
DA:30,6
DA:31,6
DA:32,6
DA:34,6
DA:43,6
DA:45,6
DA:47,11
DA:48,2
DA:51,6
DA:53,6
DA:54,1
DA:57,5
DA:59,5
DA:61,5
DA:68,5
DA:70,2
DA:72,2
LF:25
LH:25
BRDA:51,0,0,6
BRDA:47,1,0,5
BRDA:47,1,1,1
BRDA:53,2,0,1
BRDA:53,2,1,5
BRF:5
BRH:5
end_of_record
TN:
SF:src/modules/parameters/services/CreateFrequencyPlanService.ts
FN:9,(anonymous_14)
FN:10,(anonymous_16)
FNF:2
FNH:0
FNDA:0,(anonymous_14)
FNDA:0,(anonymous_16)
DA:1,0
DA:3,0
DA:9,0
DA:10,0
DA:11,0
DA:13,0
DA:17,0
DA:18,0
DA:21,0
DA:25,0
DA:27,0
DA:29,0
DA:31,0
LF:13
LH:0
BRDA:17,0,0,0
BRDA:17,0,1,0
BRF:2
BRH:0
end_of_record
